<?xml version="1.0" encoding="UTF-8"?>
<!-- Generated by org.testng.reporters.JUnitReportReporter -->
<testsuite hostname="amol-PC" failures="0" tests="1" name="Programs.Srt" time="0.006" errors="0" timestamp="2022-12-30T16:20:53 IST" skipped="0">
  <testcase classname="Programs.Srt" name="test" time="0.006"/>
  <system-out/>
</testsuite> <!-- Programs.Srt -->
