<?xml version="1.0" encoding="UTF-8"?>
<!-- Generated by org.testng.reporters.JUnitReportReporter -->
<testsuite hostname="amol-PC" failures="0" tests="3" name="Demo.TestNG1" time="0.010" errors="0" timestamp="2023-03-21T12:26:47 IST" skipped="0">
  <testcase classname="Demo.TestNG1" name="login" time="0.008"/>
  <system-out/>
  <testcase classname="Demo.TestNG1" name="dashboard" time="0.001"/>
  <system-out/>
  <testcase classname="Demo.TestNG1" name="logout" time="0.001"/>
  <system-out/>
</testsuite> <!-- Demo.TestNG1 -->
