<?xml version="1.0" encoding="UTF-8"?>
<!-- Generated by org.testng.reporters.JUnitReportReporter -->
<testsuite hostname="amol-PC" failures="0" tests="1" name="HellSelenium.OrangeHm" time="20.517" errors="0" timestamp="2023-01-12T16:22:33 IST" skipped="0">
  <testcase classname="HellSelenium.OrangeHm" name="create" time="20.517"/>
  <system-out/>
</testsuite> <!-- HellSelenium.OrangeHm -->
