<?xml version="1.0" encoding="UTF-8"?>
<!-- Generated by org.testng.reporters.JUnitReportReporter -->
<testsuite hostname="amol-PC" failures="0" tests="1" name="HellSelenium.Asserti" time="10.898" errors="0" timestamp="2023-01-05T15:15:06 IST" skipped="0">
  <testcase classname="HellSelenium.Asserti" name="TestCase1" time="10.898"/>
  <system-out/>
</testsuite> <!-- HellSelenium.Asserti -->
