<?xml version="1.0" encoding="UTF-8"?>
<!-- Generated by org.testng.reporters.JUnitReportReporter -->
<testsuite hostname="amol-PC" failures="0" tests="1" name="Demo.TestNG1" time="0.008" errors="0" timestamp="2023-01-09T16:22:08 IST" skipped="0">
  <testcase classname="Demo.TestNG1" name="b" time="0.008"/>
  <system-out/>
</testsuite> <!-- Demo.TestNG1 -->
