<?xml version="1.0" encoding="UTF-8"?>
<!-- Generated by org.testng.reporters.JUnitReportReporter -->
<testsuite hostname="amol-PC" failures="0" tests="2" name="HellSelenium.NewTest" time="4.853" errors="0" timestamp="2022-12-28T12:18:04 IST" skipped="0">
  <testcase classname="HellSelenium.NewTest" name="afterTest" time="0.006"/>
  <system-out/>
  <testcase classname="HellSelenium.NewTest" name="f" time="4.847"/>
  <system-out/>
</testsuite> <!-- HellSelenium.NewTest -->
